

Version:	3.12
CmdLine:	C:\Users\danie\IdeaProjects\screensaverFX\out\artifacts\screensaverFX\screensaverFX.exe --l4j-debug
WOW64:		yes
Working dir:	C:\Users\danie\IdeaProjects\screensaverFX\out\artifacts\screensaverFX\.
Java min ver:	1.008.000_111
Java max ver:	1.009.005
64-bit search:	SOFTWARE\JavaSoft\Java Runtime Environment...
Check:		SOFTWARE\JavaSoft\Java Runtime Environment\1.8
Ignore:		1.008.000
Check:		SOFTWARE\JavaSoft\Java Runtime Environment\1.8.0_281
Check launcher:	C:\Program Files\Java\jre1.8.0_281\bin\javaw.exe (OK)
Match:		1.008.000_281
64-bit search:	SOFTWARE\JavaSoft\Java Development Kit...
64-bit search:	SOFTWARE\JavaSoft\JRE...
Check:		SOFTWARE\JavaSoft\JRE\9.0.4
Check launcher:	C:\Program Files\Java\jre-9.0.4\bin\javaw.exe (OK)
Match:		1.009.000_004
64-bit search:	SOFTWARE\JavaSoft\JDK...
Check:		SOFTWARE\JavaSoft\JDK\13.0.2
Ignore:		1.013.000_002
Check:		SOFTWARE\JavaSoft\JDK\9.0.1
Ignore:		1.009.000_001
Runtime used:	1.009.000_004 (64-bit)
Launcher:	C:\Program Files\Java\jre-9.0.4\bin\javaw.exe
Launcher args:	-jar "C:\Users\danie\IdeaProjects\screensaverFX\out\artifacts\screensaverFX\screensaverFX.exe"
Args length:	94/32768 chars
Exit code:	0


Version:	3.12
CmdLine:	C:\Users\danie\IdeaProjects\screensaverFX\out\artifacts\screensaverFX\screensaverFX.exe --l4j-debug
WOW64:		yes
Working dir:	C:\Users\danie\IdeaProjects\screensaverFX\out\artifacts\screensaverFX\.
Java min ver:	1.008.000_111
Java max ver:	1.009.005
64-bit search:	SOFTWARE\JavaSoft\Java Runtime Environment...
Check:		SOFTWARE\JavaSoft\Java Runtime Environment\1.8
Ignore:		1.008.000
Check:		SOFTWARE\JavaSoft\Java Runtime Environment\1.8.0_281
Check launcher:	C:\Program Files\Java\jre1.8.0_281\bin\javaw.exe (OK)
Match:		1.008.000_281
64-bit search:	SOFTWARE\JavaSoft\Java Development Kit...
64-bit search:	SOFTWARE\JavaSoft\JRE...
Check:		SOFTWARE\JavaSoft\JRE\9.0.4
Check launcher:	C:\Program Files\Java\jre-9.0.4\bin\javaw.exe (OK)
Match:		1.009.000_004
64-bit search:	SOFTWARE\JavaSoft\JDK...
Check:		SOFTWARE\JavaSoft\JDK\13.0.2
Ignore:		1.013.000_002
Check:		SOFTWARE\JavaSoft\JDK\9.0.1
Ignore:		1.009.000_001
Runtime used:	1.009.000_004 (64-bit)
Launcher:	C:\Program Files\Java\jre-9.0.4\bin\javaw.exe
Launcher args:	-jar "C:\Users\danie\IdeaProjects\screensaverFX\out\artifacts\screensaverFX\screensaverFX.exe"
Args length:	94/32768 chars
Exit code:	0


Version:	3.12
CmdLine:	C:\Users\danie\IdeaProjects\screensaverFX\out\artifacts\screensaverFX\screensaverFX.exe --l4j-debug
WOW64:		yes
Working dir:	C:\Users\danie\IdeaProjects\screensaverFX\out\artifacts\screensaverFX\.
Java min ver:	1.008.000_111
Java max ver:	1.009.005
64-bit search:	SOFTWARE\JavaSoft\Java Runtime Environment...
Check:		SOFTWARE\JavaSoft\Java Runtime Environment\1.8
Ignore:		1.008.000
Check:		SOFTWARE\JavaSoft\Java Runtime Environment\1.8.0_281
Check launcher:	C:\Program Files\Java\jre1.8.0_281\bin\javaw.exe (OK)
Match:		1.008.000_281
64-bit search:	SOFTWARE\JavaSoft\Java Development Kit...
64-bit search:	SOFTWARE\JavaSoft\JRE...
Check:		SOFTWARE\JavaSoft\JRE\9.0.4
Check launcher:	C:\Program Files\Java\jre-9.0.4\bin\javaw.exe (OK)
Match:		1.009.000_004
64-bit search:	SOFTWARE\JavaSoft\JDK...
Check:		SOFTWARE\JavaSoft\JDK\13.0.2
Ignore:		1.013.000_002
Check:		SOFTWARE\JavaSoft\JDK\9.0.1
Ignore:		1.009.000_001
Runtime used:	1.009.000_004 (64-bit)
Launcher:	C:\Program Files\Java\jre-9.0.4\bin\javaw.exe
Launcher args:	-jar "C:\Users\danie\IdeaProjects\screensaverFX\out\artifacts\screensaverFX\screensaverFX.exe"
Args length:	94/32768 chars
Exit code:	0


Version:	3.12
CmdLine:	C:\Users\danie\IdeaProjects\screensaverFX\out\artifacts\screensaverFX\screensaverFX.exe --l4j-debug
WOW64:		yes
Working dir:	C:\Users\danie\IdeaProjects\screensaverFX\out\artifacts\screensaverFX\.
Java min ver:	1.008.000_111
Java max ver:	1.009.005
64-bit search:	SOFTWARE\JavaSoft\Java Runtime Environment...
Check:		SOFTWARE\JavaSoft\Java Runtime Environment\1.8
Ignore:		1.008.000
Check:		SOFTWARE\JavaSoft\Java Runtime Environment\1.8.0_281
Check launcher:	C:\Program Files\Java\jre1.8.0_281\bin\javaw.exe (OK)
Match:		1.008.000_281
64-bit search:	SOFTWARE\JavaSoft\Java Development Kit...
64-bit search:	SOFTWARE\JavaSoft\JRE...
Check:		SOFTWARE\JavaSoft\JRE\9.0.4
Check launcher:	C:\Program Files\Java\jre-9.0.4\bin\javaw.exe (OK)
Match:		1.009.000_004
64-bit search:	SOFTWARE\JavaSoft\JDK...
Check:		SOFTWARE\JavaSoft\JDK\13.0.2
Ignore:		1.013.000_002
Check:		SOFTWARE\JavaSoft\JDK\9.0.1
Ignore:		1.009.000_001
Runtime used:	1.009.000_004 (64-bit)
Launcher:	C:\Program Files\Java\jre-9.0.4\bin\javaw.exe
Launcher args:	-jar "C:\Users\danie\IdeaProjects\screensaverFX\out\artifacts\screensaverFX\screensaverFX.exe"
Args length:	94/32768 chars
Exit code:	0


Version:	3.12
CmdLine:	C:\Users\danie\IdeaProjects\screensaverFX\out\artifacts\screensaverFX\screensaverFX.exe --l4j-debug
WOW64:		yes
Working dir:	C:\Users\danie\IdeaProjects\screensaverFX\out\artifacts\screensaverFX\.
Java min ver:	1.008.000_111
Java max ver:	1.009.005
64-bit search:	SOFTWARE\JavaSoft\Java Runtime Environment...
Check:		SOFTWARE\JavaSoft\Java Runtime Environment\1.8
Ignore:		1.008.000
Check:		SOFTWARE\JavaSoft\Java Runtime Environment\1.8.0_281
Check launcher:	C:\Program Files\Java\jre1.8.0_281\bin\javaw.exe (OK)
Match:		1.008.000_281
64-bit search:	SOFTWARE\JavaSoft\Java Development Kit...
64-bit search:	SOFTWARE\JavaSoft\JRE...
Check:		SOFTWARE\JavaSoft\JRE\9.0.4
Check launcher:	C:\Program Files\Java\jre-9.0.4\bin\javaw.exe (OK)
Match:		1.009.000_004
64-bit search:	SOFTWARE\JavaSoft\JDK...
Check:		SOFTWARE\JavaSoft\JDK\13.0.2
Ignore:		1.013.000_002
Check:		SOFTWARE\JavaSoft\JDK\9.0.1
Ignore:		1.009.000_001
Runtime used:	1.009.000_004 (64-bit)
Launcher:	C:\Program Files\Java\jre-9.0.4\bin\javaw.exe
Launcher args:	-jar "C:\Users\danie\IdeaProjects\screensaverFX\out\artifacts\screensaverFX\screensaverFX.exe"
Args length:	94/32768 chars
Exit code:	0


Version:	3.12
CmdLine:	C:\Users\danie\IdeaProjects\screensaverFX\out\artifacts\screensaverFX\screensaverFX.exe --l4j-debug
WOW64:		yes
Working dir:	C:\Users\danie\IdeaProjects\screensaverFX\out\artifacts\screensaverFX\.
Java min ver:	1.008.000_111
Java max ver:	1.009.005
64-bit search:	SOFTWARE\JavaSoft\Java Runtime Environment...
Check:		SOFTWARE\JavaSoft\Java Runtime Environment\1.8
Ignore:		1.008.000
Check:		SOFTWARE\JavaSoft\Java Runtime Environment\1.8.0_281
Check launcher:	C:\Program Files\Java\jre1.8.0_281\bin\javaw.exe (OK)
Match:		1.008.000_281
64-bit search:	SOFTWARE\JavaSoft\Java Development Kit...
64-bit search:	SOFTWARE\JavaSoft\JRE...
Check:		SOFTWARE\JavaSoft\JRE\9.0.4
Check launcher:	C:\Program Files\Java\jre-9.0.4\bin\javaw.exe (OK)
Match:		1.009.000_004
64-bit search:	SOFTWARE\JavaSoft\JDK...
Check:		SOFTWARE\JavaSoft\JDK\13.0.2
Ignore:		1.013.000_002
Check:		SOFTWARE\JavaSoft\JDK\9.0.1
Ignore:		1.009.000_001
Runtime used:	1.009.000_004 (64-bit)
Launcher:	C:\Program Files\Java\jre-9.0.4\bin\javaw.exe
Launcher args:	-jar "C:\Users\danie\IdeaProjects\screensaverFX\out\artifacts\screensaverFX\screensaverFX.exe"
Args length:	94/32768 chars
Exit code:	0


Version:	3.12
CmdLine:	C:\Users\danie\IdeaProjects\screensaverFX\out\artifacts\screensaverFX\screensaverFX.exe --l4j-debug
WOW64:		yes
Working dir:	C:\Users\danie\IdeaProjects\screensaverFX\out\artifacts\screensaverFX\.
Java min ver:	1.008.000_111
Java max ver:	1.009.005
64-bit search:	SOFTWARE\JavaSoft\Java Runtime Environment...
Check:		SOFTWARE\JavaSoft\Java Runtime Environment\1.8
Ignore:		1.008.000
Check:		SOFTWARE\JavaSoft\Java Runtime Environment\1.8.0_281
Check launcher:	C:\Program Files\Java\jre1.8.0_281\bin\javaw.exe (OK)
Match:		1.008.000_281
64-bit search:	SOFTWARE\JavaSoft\Java Development Kit...
64-bit search:	SOFTWARE\JavaSoft\JRE...
Check:		SOFTWARE\JavaSoft\JRE\9.0.4
Check launcher:	C:\Program Files\Java\jre-9.0.4\bin\javaw.exe (OK)
Match:		1.009.000_004
64-bit search:	SOFTWARE\JavaSoft\JDK...
Check:		SOFTWARE\JavaSoft\JDK\13.0.2
Ignore:		1.013.000_002
Check:		SOFTWARE\JavaSoft\JDK\9.0.1
Ignore:		1.009.000_001
Runtime used:	1.009.000_004 (64-bit)
Launcher:	C:\Program Files\Java\jre-9.0.4\bin\javaw.exe
Launcher args:	-jar "C:\Users\danie\IdeaProjects\screensaverFX\out\artifacts\screensaverFX\screensaverFX.exe"
Args length:	94/32768 chars
Exit code:	0
